<?xml version="1.0" encoding="UTF-8"?>
<testng-results ignored="0" total="1" passed="1" failed="0" skipped="0">
  <reporter-output>
  </reporter-output>
  <suite started-at="2023-02-28T13:19:27 IST" name="Default suite" finished-at="2023-02-28T13:19:59 IST" duration-ms="32257">
    <groups>
    </groups>
    <test started-at="2023-02-28T13:19:27 IST" name="Default test" finished-at="2023-02-28T13:19:59 IST" duration-ms="32257">
      <class name="testscripts.SecondTest">
        <test-method is-config="true" signature="classConfiguration()[pri:0, instance:testscripts.SecondTest@c88a337]" started-at="2023-02-28T13:19:27 IST" name="classConfiguration" finished-at="2023-02-28T13:19:29 IST" duration-ms="1738" status="PASS">
          <reporter-output>
          </reporter-output>
        </test-method> <!-- classConfiguration -->
        <test-method is-config="true" signature="methodConfiguration()[pri:0, instance:testscripts.SecondTest@c88a337]" started-at="2023-02-28T13:19:29 IST" name="methodConfiguration" finished-at="2023-02-28T13:19:44 IST" duration-ms="14909" status="PASS">
          <reporter-output>
          </reporter-output>
        </test-method> <!-- methodConfiguration -->
        <test-method signature="secondTest()[pri:0, instance:testscripts.SecondTest@c88a337]" started-at="2023-02-28T13:19:44 IST" name="secondTest" finished-at="2023-02-28T13:19:59 IST" duration-ms="14789" status="PASS">
          <reporter-output>
          </reporter-output>
        </test-method> <!-- secondTest -->
        <test-method is-config="true" signature="methodTeardown()[pri:0, instance:testscripts.SecondTest@c88a337]" started-at="2023-02-28T13:19:59 IST" name="methodTeardown" finished-at="2023-02-28T13:19:59 IST" duration-ms="708" status="PASS">
          <reporter-output>
          </reporter-output>
        </test-method> <!-- methodTeardown -->
        <test-method is-config="true" signature="classExcel()[pri:0, instance:testscripts.SecondTest@c88a337]" started-at="2023-02-28T13:19:59 IST" name="classExcel" finished-at="2023-02-28T13:19:59 IST" duration-ms="0" status="PASS">
          <reporter-output>
          </reporter-output>
        </test-method> <!-- classExcel -->
      </class> <!-- testscripts.SecondTest -->
    </test> <!-- Default test -->
  </suite> <!-- Default suite -->
</testng-results>
